{
  "RSpec": {
    "coverage": {
      "/Users/eastagile50/code/hoang/bookstore_hoangphan/config/environment.rb": [
        null,
        1,
        null,
        null,
        1
      ],
      "/Users/eastagile50/code/hoang/bookstore_hoangphan/config/application.rb": [
        1,
        null,
        null,
        1,
        1,
        1,
        1,
        1,
        1,
        null,
        null,
        null,
        null,
        1,
        null,
        1,
        1,
        null,
        null,
        null,
        null,
        null,
        null,
        null,
        null,
        null,
        null,
        null,
        1,
        null,
        null
      ],
      "/Users/eastagile50/code/hoang/bookstore_hoangphan/config/boot.rb": [
        null,
        1,
        null,
        1
      ],
      "/Users/eastagile50/code/hoang/bookstore_hoangphan/config/environments/test.rb": [
        1,
        null,
        null,
        null,
        null,
        null,
        null,
        1,
        null,
        null,
        null,
        null,
        1,
        null,
        null,
        1,
        1,
        null,
        null,
        1,
        1,
        null,
        null,
        1,
        null,
        null,
        1,
        null,
        1,
        null,
        null,
        1,
        null,
        null,
        null,
        null
      ],
      "/Users/eastagile50/code/hoang/bookstore_hoangphan/config/initializers/backtrace_silencers.rb": [
        null,
        null,
        null,
        null,
        null,
        null,
        null
      ],
      "/Users/eastagile50/code/hoang/bookstore_hoangphan/config/initializers/cookies_serializer.rb": [
        null,
        null,
        1
      ],
      "/Users/eastagile50/code/hoang/bookstore_hoangphan/config/initializers/filter_parameter_logging.rb": [
        null,
        null,
        null,
        1
      ],
      "/Users/eastagile50/code/hoang/bookstore_hoangphan/config/initializers/inflections.rb": [
        null,
        null,
        null,
        null,
        null,
        null,
        null,
        null,
        null,
        null,
        null,
        null,
        null,
        null,
        null,
        null
      ],
      "/Users/eastagile50/code/hoang/bookstore_hoangphan/config/initializers/mime_types.rb": [
        null,
        null,
        null,
        null
      ],
      "/Users/eastagile50/code/hoang/bookstore_hoangphan/config/initializers/session_store.rb": [
        null,
        null,
        1
      ],
      "/Users/eastagile50/code/hoang/bookstore_hoangphan/config/initializers/wrap_parameters.rb": [
        null,
        null,
        null,
        null,
        null,
        null,
        1,
        1,
        null,
        null,
        null,
        null,
        null,
        null
      ],
      "/Users/eastagile50/code/hoang/bookstore_hoangphan/spec/factories/users.rb": [
        null,
        null,
        1,
        1,
        1,
        1,
        1,
        1,
        1,
        1,
        null,
        null
      ],
      "/Users/eastagile50/code/hoang/bookstore_hoangphan/config/routes.rb": [
        1,
        1,
        1,
        1,
        1,
        1,
        1,
        null,
        null,
        null,
        null,
        null,
        null,
        null,
        null,
        null,
        null,
        null,
        null,
        null,
        null,
        null,
        null,
        null,
        null,
        null,
        null,
        null,
        null,
        null,
        null,
        null,
        null,
        null,
        null,
        null,
        null,
        null,
        null,
        null,
        null,
        null,
        null,
        null,
        null,
        null,
        null,
        null,
        null,
        null,
        null,
        null,
        null,
        null,
        null,
        null,
        null,
        null,
        null,
        null,
        null,
        null,
        null
      ],
      "/Users/eastagile50/code/hoang/bookstore_hoangphan/app/helpers/application_helper.rb": [
        1,
        null
      ],
      "/Users/eastagile50/code/hoang/bookstore_hoangphan/app/helpers/sessions_helper.rb": [
        1,
        1,
        2,
        2,
        2,
        2,
        null,
        null,
        1,
        2,
        null,
        null,
        1,
        31,
        31,
        null,
        null,
        1,
        31,
        null,
        null
      ],
      "/Users/eastagile50/code/hoang/bookstore_hoangphan/app/helpers/static_pages_helper.rb": [
        1,
        null
      ],
      "/Users/eastagile50/code/hoang/bookstore_hoangphan/app/helpers/users_helper.rb": [
        1,
        null
      ],
      "/Users/eastagile50/code/hoang/bookstore_hoangphan/spec/support/utils.rb": [
        1,
        10,
        10,
        10,
        10,
        10,
        10,
        null
      ],
      "/Users/eastagile50/code/hoang/bookstore_hoangphan/app/controllers/static_pages_controller.rb": [
        1,
        1,
        null,
        null
      ],
      "/Users/eastagile50/code/hoang/bookstore_hoangphan/app/controllers/application_controller.rb": [
        1,
        null,
        null,
        1,
        1,
        null
      ],
      "/Users/eastagile50/code/hoang/bookstore_hoangphan/spec/controllers/users_controller_spec.rb": [
        1,
        null,
        1,
        null,
        1,
        1,
        1,
        1,
        null,
        null,
        null,
        null
      ],
      "/Users/eastagile50/code/hoang/bookstore_hoangphan/app/controllers/users_controller.rb": [
        1,
        1,
        10,
        null,
        null,
        1,
        4,
        null,
        null,
        1,
        11,
        11,
        4,
        4,
        null,
        7,
        null,
        null,
        null,
        1,
        null,
        1,
        11,
        null,
        null,
        null
      ],
      "/Users/eastagile50/code/hoang/bookstore_hoangphan/spec/helpers/static_pages_helper_spec.rb": [
        1,
        null,
        null,
        null,
        null,
        null,
        null,
        null,
        null,
        null,
        null,
        null,
        1,
        1,
        null
      ],
      "/Users/eastagile50/code/hoang/bookstore_hoangphan/spec/helpers/users_helper_spec.rb": [
        1,
        null,
        null,
        null,
        null,
        null,
        null,
        null,
        null,
        null,
        null,
        null,
        1,
        1,
        null
      ],
      "/Users/eastagile50/code/hoang/bookstore_hoangphan/spec/mailers/user_mailer_spec.rb": [
        1,
        null,
        1,
        null,
        3,
        null,
        null,
        null,
        3,
        null,
        3,
        null,
        2,
        null,
        2,
        null,
        null
      ],
      "/Users/eastagile50/code/hoang/bookstore_hoangphan/app/mailers/user_mailer.rb": [
        1,
        1,
        null,
        1,
        2,
        2,
        2,
        null,
        null
      ],
      "/Users/eastagile50/code/hoang/bookstore_hoangphan/spec/models/user_spec.rb": [
        1,
        null,
        1,
        24,
        null,
        null,
        null,
        21,
        null,
        2,
        2,
        2,
        2,
        2,
        2,
        2,
        2,
        2,
        2,
        null,
        2,
        2,
        null,
        1,
        1,
        1,
        1,
        null,
        null,
        2,
        null,
        null,
        1,
        2,
        2,
        null,
        null,
        1,
        1,
        1,
        null,
        1,
        5,
        5,
        null,
        null,
        null,
        null,
        1,
        1,
        1,
        1,
        4,
        4,
        null,
        null,
        null,
        null,
        1,
        2,
        2,
        null,
        null,
        1,
        1,
        1,
        1,
        1,
        null,
        null,
        2,
        null,
        null,
        1,
        2,
        null,
        2,
        null,
        null,
        1,
        4,
        4,
        null,
        1,
        2,
        null,
        null,
        1,
        3,
        null,
        2,
        2,
        null,
        null,
        null,
        1,
        2,
        2,
        null,
        null,
        null
      ],
      "/Users/eastagile50/code/hoang/bookstore_hoangphan/app/models/user.rb": [
        1,
        18,
        1,
        1,
        1,
        null,
        null,
        1,
        1,
        1,
        1,
        null,
        1,
        35,
        null,
        null,
        1,
        16,
        null,
        null,
        1,
        47,
        null,
        null,
        1,
        null,
        1,
        14,
        null,
        null,
        null
      ],
      "/Users/eastagile50/code/hoang/bookstore_hoangphan/spec/requests/authentication_pages_spec.rb": [
        1,
        null,
        1,
        null,
        7,
        null,
        1,
        null,
        7,
        null,
        2,
        2,
        2,
        null,
        1,
        2,
        null,
        2,
        null,
        null,
        null,
        1,
        3,
        null,
        1,
        2,
        2,
        2,
        null,
        null,
        2,
        2,
        null,
        null,
        null,
        null,
        null
      ],
      "/Users/eastagile50/code/hoang/bookstore_hoangphan/spec/requests/user_pages_spec.rb": [
        1,
        null,
        1,
        null,
        7,
        null,
        null,
        10,
        null,
        5,
        null,
        1,
        1,
        null,
        1,
        1,
        2,
        null,
        null,
        null,
        1,
        null,
        1,
        1,
        1,
        null,
        2,
        null,
        null,
        1,
        null,
        1,
        null,
        null,
        1,
        5,
        5,
        null,
        10,
        null,
        null,
        null,
        null,
        null,
        null,
        null,
        null,
        1,
        null,
        5,
        null,
        1,
        2,
        null,
        null,
        1,
        2,
        null,
        null,
        1,
        null,
        3,
        null,
        2,
        2,
        null,
        null,
        null,
        null,
        null,
        null,
        null,
        1,
        3,
        null,
        3,
        null,
        2,
        2,
        null,
        null,
        null,
        null
      ],
      "/Users/eastagile50/code/hoang/bookstore_hoangphan/app/controllers/sessions_controller.rb": [
        1,
        1,
        null,
        null,
        1,
        3,
        3,
        2,
        2,
        null,
        1,
        1,
        null,
        null,
        null,
        null
      ]
    },
    "timestamp": 1401878628
  }
}
