{
  "RSpec": {
    "coverage": {
      "/Users/eastagile50/code/hoang/bookstore_hoangphan/config/environment.rb": [
        null,
        1,
        null,
        null,
        1
      ],
      "/Users/eastagile50/code/hoang/bookstore_hoangphan/config/application.rb": [
        1,
        null,
        null,
        1,
        1,
        1,
        1,
        1,
        1,
        null,
        null,
        null,
        null,
        1,
        null,
        1,
        1,
        null,
        null,
        null,
        null,
        null,
        null,
        null,
        null,
        null,
        null,
        null,
        null,
        null
      ],
      "/Users/eastagile50/code/hoang/bookstore_hoangphan/config/boot.rb": [
        null,
        1,
        null,
        1
      ],
      "/Users/eastagile50/code/hoang/bookstore_hoangphan/config/environments/test.rb": [
        1,
        null,
        null,
        null,
        null,
        null,
        null,
        1,
        null,
        null,
        null,
        null,
        1,
        null,
        null,
        1,
        1,
        null,
        null,
        1,
        1,
        null,
        null,
        1,
        null,
        null,
        1,
        null,
        null,
        null,
        null,
        1,
        null,
        null,
        1,
        null,
        null,
        null,
        null
      ],
      "/Users/eastagile50/code/hoang/bookstore_hoangphan/config/initializers/backtrace_silencers.rb": [
        null,
        null,
        null,
        null,
        null,
        null,
        null
      ],
      "/Users/eastagile50/code/hoang/bookstore_hoangphan/config/initializers/cookies_serializer.rb": [
        null,
        null,
        1
      ],
      "/Users/eastagile50/code/hoang/bookstore_hoangphan/config/initializers/filter_parameter_logging.rb": [
        null,
        null,
        null,
        1
      ],
      "/Users/eastagile50/code/hoang/bookstore_hoangphan/config/initializers/inflections.rb": [
        null,
        null,
        null,
        null,
        null,
        null,
        null,
        null,
        null,
        null,
        null,
        null,
        null,
        null,
        null,
        null
      ],
      "/Users/eastagile50/code/hoang/bookstore_hoangphan/config/initializers/mime_types.rb": [
        null,
        null,
        null,
        null
      ],
      "/Users/eastagile50/code/hoang/bookstore_hoangphan/config/initializers/session_store.rb": [
        null,
        null,
        1
      ],
      "/Users/eastagile50/code/hoang/bookstore_hoangphan/config/initializers/wrap_parameters.rb": [
        null,
        null,
        null,
        null,
        null,
        null,
        1,
        1,
        null,
        null,
        null,
        null,
        null,
        null
      ],
      "/Users/eastagile50/code/hoang/bookstore_hoangphan/config/routes.rb": [
        1,
        1,
        null,
        null,
        null,
        null,
        null,
        null,
        null,
        null,
        null,
        null,
        null,
        null,
        null,
        null,
        null,
        null,
        null,
        null,
        null,
        null,
        null,
        null,
        null,
        null,
        null,
        null,
        null,
        null,
        null,
        null,
        null,
        null,
        null,
        null,
        null,
        null,
        null,
        null,
        null,
        null,
        null,
        null,
        null,
        null,
        null,
        null,
        null,
        null,
        null,
        null,
        null,
        null,
        null,
        null,
        null,
        null
      ],
      "/Users/eastagile50/code/hoang/bookstore_hoangphan/app/helpers/application_helper.rb": [
        1,
        null
      ],
      "/Users/eastagile50/code/hoang/bookstore_hoangphan/app/helpers/static_pages_helper.rb": [
        1,
        null
      ],
      "/Users/eastagile50/code/hoang/bookstore_hoangphan/app/controllers/static_pages_controller.rb": [
        1,
        1,
        null,
        null
      ],
      "/Users/eastagile50/code/hoang/bookstore_hoangphan/app/controllers/application_controller.rb": [
        1,
        null,
        null,
        1,
        null
      ],
      "/Users/eastagile50/code/hoang/bookstore_hoangphan/spec/helpers/static_pages_helper_spec.rb": [
        1,
        null,
        null,
        null,
        null,
        null,
        null,
        null,
        null,
        null,
        null,
        null,
        1,
        1,
        null
      ]
    },
    "timestamp": 1401859570
  }
}
